<?xml version="1.0" encoding="UTF-8"?>
<!-- Generated by org.testng.reporters.JUnitXMLReporter -->
<testsuite ignored="0" hostname="DESKTOP-TRPUS3O" failures="1" tests="1" name="homeWork" time="0.215" errors="0" timestamp="2023-03-26T00:26:19 IST">
  <testcase classname="com.herokuapp.theinternet.homeWork" name="NoSuchElementException" time="0.135">
    <failure type="java.lang.IllegalStateException" message="The driver executable must exist: D:\ChromeDriver\chromedriver.exe">
      <![CDATA[java.lang.IllegalStateException: The driver executable must exist: D:\ChromeDriver\chromedriver.exe
at org.openqa.selenium.internal.Require$FileStateChecker.isFile(Require.java:345)
at org.openqa.selenium.remote.service.DriverService.checkExecutable(DriverService.java:161)
at org.openqa.selenium.remote.service.DriverService.findExecutable(DriverService.java:156)
at org.openqa.selenium.chrome.ChromeDriverService.access$000(ChromeDriverService.java:42)
at org.openqa.selenium.chrome.ChromeDriverService$Builder.findDefaultExecutable(ChromeDriverService.java:315)
at org.openqa.selenium.remote.service.DriverService$Builder.build(DriverService.java:456)
at org.openqa.selenium.chrome.ChromeDriverService.createServiceWithConfig(ChromeDriverService.java:165)
at org.openqa.selenium.chrome.ChromeDriver.<init>(ChromeDriver.java:71)
at com.herokuapp.theinternet.homeWork.NoSuchElementException(homeWork.java:23)
at java.base/java.util.ArrayList.forEach(ArrayList.java:1511)
... Removed 25 stack frames]]>
    </failure>
  </testcase> <!-- NoSuchElementException -->
</testsuite> <!-- homeWork -->
